{"C:\\Users\\User\\user\\School\\DOP\\Asgn 1\\ias-svc\\frontend\\src\\App.js": {"path":"C:\\Users\\User\\user\\School\\DOP\\Asgn 1\\ias-svc\\frontend\\src\\App.js","statementMap":{"0":{"start":{"line":21,"column":2},"end":{"line":48,"column":4}}},"fnMap":{"0":{"name":"App","decl":{"start":{"line":20,"column":9},"end":{"line":20,"column":12}},"loc":{"start":{"line":20,"column":15},"end":{"line":49,"column":1}},"line":20}},"branchMap":{},"s":{"0":3},"f":{"0":3},"b":{},"_coverageSchema":"1a1c01bbd47fc00a2c39e90264f33305004495a9","hash":"38dcf89852ae897ac2afe3f9cd3f5cd44211c901"}
,"C:\\Users\\User\\user\\School\\DOP\\Asgn 1\\ias-svc\\frontend\\src\\conn.js": {"path":"C:\\Users\\User\\user\\School\\DOP\\Asgn 1\\ias-svc\\frontend\\src\\conn.js","statementMap":{"0":{"start":{"line":1,"column":13},"end":{"line":1,"column":36}}},"fnMap":{},"branchMap":{},"s":{"0":2},"f":{},"b":{},"_coverageSchema":"1a1c01bbd47fc00a2c39e90264f33305004495a9","hash":"8d3827d792c6032915e35b4a021a14312ed75172"}
,"C:\\Users\\User\\user\\School\\DOP\\Asgn 1\\ias-svc\\frontend\\src\\index.js": {"path":"C:\\Users\\User\\user\\School\\DOP\\Asgn 1\\ias-svc\\frontend\\src\\index.js","statementMap":{"0":{"start":{"line":9,"column":13},"end":{"line":9,"column":65}},"1":{"start":{"line":10,"column":0},"end":{"line":16,"column":2}},"2":{"start":{"line":21,"column":0},"end":{"line":21,"column":18}}},"fnMap":{},"branchMap":{},"s":{"0":0,"1":0,"2":0},"f":{},"b":{}}
,"C:\\Users\\User\\user\\School\\DOP\\Asgn 1\\ias-svc\\frontend\\src\\reportWebVitals.js": {"path":"C:\\Users\\User\\user\\School\\DOP\\Asgn 1\\ias-svc\\frontend\\src\\reportWebVitals.js","statementMap":{"0":{"start":{"line":1,"column":24},"end":{"line":11,"column":1}},"1":{"start":{"line":2,"column":2},"end":{"line":10,"column":3}},"2":{"start":{"line":3,"column":4},"end":{"line":9,"column":7}},"3":{"start":{"line":4,"column":6},"end":{"line":4,"column":26}},"4":{"start":{"line":5,"column":6},"end":{"line":5,"column":26}},"5":{"start":{"line":6,"column":6},"end":{"line":6,"column":26}},"6":{"start":{"line":7,"column":6},"end":{"line":7,"column":26}},"7":{"start":{"line":8,"column":6},"end":{"line":8,"column":27}}},"fnMap":{"0":{"name":"(anonymous_0)","decl":{"start":{"line":1,"column":24},"end":{"line":1,"column":25}},"loc":{"start":{"line":1,"column":39},"end":{"line":11,"column":1}},"line":1},"1":{"name":"(anonymous_1)","decl":{"start":{"line":3,"column":30},"end":{"line":3,"column":31}},"loc":{"start":{"line":3,"column":79},"end":{"line":9,"column":5}},"line":3}},"branchMap":{"0":{"loc":{"start":{"line":2,"column":2},"end":{"line":10,"column":3}},"type":"if","locations":[{"start":{"line":2,"column":2},"end":{"line":10,"column":3}},{"start":{},"end":{}}],"line":2},"1":{"loc":{"start":{"line":2,"column":6},"end":{"line":2,"column":52}},"type":"binary-expr","locations":[{"start":{"line":2,"column":6},"end":{"line":2,"column":17}},{"start":{"line":2,"column":21},"end":{"line":2,"column":52}}],"line":2}},"s":{"0":0,"1":0,"2":0,"3":0,"4":0,"5":0,"6":0,"7":0},"f":{"0":0,"1":0},"b":{"0":[0,0],"1":[0,0]}}
,"C:\\Users\\User\\user\\School\\DOP\\Asgn 1\\ias-svc\\frontend\\src\\components\\Footer\\Footer.js": {"path":"C:\\Users\\User\\user\\School\\DOP\\Asgn 1\\ias-svc\\frontend\\src\\components\\Footer\\Footer.js","statementMap":{"0":{"start":{"line":5,"column":17},"end":{"line":5,"column":41}},"1":{"start":{"line":7,"column":4},"end":{"line":9,"column":5}}},"fnMap":{"0":{"name":"Footer","decl":{"start":{"line":3,"column":9},"end":{"line":3,"column":15}},"loc":{"start":{"line":3,"column":18},"end":{"line":10,"column":1}},"line":3}},"branchMap":{},"s":{"0":3,"1":3},"f":{"0":3},"b":{},"_coverageSchema":"1a1c01bbd47fc00a2c39e90264f33305004495a9","hash":"10cfab0b1d1111d8e3e8695a2739c32e4e8ff9da"}
,"C:\\Users\\User\\user\\School\\DOP\\Asgn 1\\ias-svc\\frontend\\src\\components\\NavBar\\NavBar.js": {"path":"C:\\Users\\User\\user\\School\\DOP\\Asgn 1\\ias-svc\\frontend\\src\\components\\NavBar\\NavBar.js","statementMap":{"0":{"start":{"line":18,"column":2},"end":{"line":32,"column":3}}},"fnMap":{"0":{"name":"NavBar","decl":{"start":{"line":17,"column":9},"end":{"line":17,"column":15}},"loc":{"start":{"line":17,"column":18},"end":{"line":33,"column":1}},"line":17}},"branchMap":{},"s":{"0":3},"f":{"0":3},"b":{},"_coverageSchema":"1a1c01bbd47fc00a2c39e90264f33305004495a9","hash":"e65af667c0c0c716f531d172bb830fb0f9eda55c"}
,"C:\\Users\\User\\user\\School\\DOP\\Asgn 1\\ias-svc\\frontend\\src\\components\\Title\\Title.js": {"path":"C:\\Users\\User\\user\\School\\DOP\\Asgn 1\\ias-svc\\frontend\\src\\components\\Title\\Title.js","statementMap":{"0":{"start":{"line":6,"column":21},"end":{"line":12,"column":1}},"1":{"start":{"line":7,"column":4},"end":{"line":11,"column":6}}},"fnMap":{"0":{"name":"(anonymous_0)","decl":{"start":{"line":6,"column":21},"end":{"line":6,"column":22}},"loc":{"start":{"line":6,"column":37},"end":{"line":12,"column":1}},"line":6}},"branchMap":{},"s":{"0":2,"1":12},"f":{"0":12},"b":{},"_coverageSchema":"1a1c01bbd47fc00a2c39e90264f33305004495a9","hash":"1a0d26915a78767c92d8149ee2e356ae3099ee2d"}
,"C:\\Users\\User\\user\\School\\DOP\\Asgn 1\\ias-svc\\frontend\\src\\pages\\Main.js": {"path":"C:\\Users\\User\\user\\School\\DOP\\Asgn 1\\ias-svc\\frontend\\src\\pages\\Main.js","statementMap":{"0":{"start":{"line":9,"column":2},"end":{"line":44,"column":3}}},"fnMap":{"0":{"name":"main","decl":{"start":{"line":8,"column":9},"end":{"line":8,"column":13}},"loc":{"start":{"line":8,"column":16},"end":{"line":45,"column":1}},"line":8}},"branchMap":{},"s":{"0":3},"f":{"0":3},"b":{},"_coverageSchema":"1a1c01bbd47fc00a2c39e90264f33305004495a9","hash":"8fe45e10d4f179caed3dab02c41319c4a5b87d3a"}
,"C:\\Users\\User\\user\\School\\DOP\\Asgn 1\\ias-svc\\frontend\\src\\pages\\MatchStudent.js": {"path":"C:\\Users\\User\\user\\School\\DOP\\Asgn 1\\ias-svc\\frontend\\src\\pages\\MatchStudent.js","statementMap":{"0":{"start":{"line":7,"column":2},"end":{"line":18,"column":3}}},"fnMap":{"0":{"name":"matchStudent","decl":{"start":{"line":6,"column":9},"end":{"line":6,"column":21}},"loc":{"start":{"line":6,"column":24},"end":{"line":19,"column":1}},"line":6}},"branchMap":{},"s":{"0":0},"f":{"0":0},"b":{},"_coverageSchema":"1a1c01bbd47fc00a2c39e90264f33305004495a9","hash":"d119a58da8460c12e3381840e175bc6dac29658a"}
,"C:\\Users\\User\\user\\School\\DOP\\Asgn 1\\ias-svc\\frontend\\src\\pages\\PrepareEmail.js": {"path":"C:\\Users\\User\\user\\School\\DOP\\Asgn 1\\ias-svc\\frontend\\src\\pages\\PrepareEmail.js","statementMap":{"0":{"start":{"line":7,"column":2},"end":{"line":18,"column":3}}},"fnMap":{"0":{"name":"prepareEmail","decl":{"start":{"line":6,"column":9},"end":{"line":6,"column":21}},"loc":{"start":{"line":6,"column":24},"end":{"line":19,"column":1}},"line":6}},"branchMap":{},"s":{"0":0},"f":{"0":0},"b":{},"_coverageSchema":"1a1c01bbd47fc00a2c39e90264f33305004495a9","hash":"742e8ddc366b6f443104dab68dab0702311cfb9c"}
,"C:\\Users\\User\\user\\School\\DOP\\Asgn 1\\ias-svc\\frontend\\src\\pages\\Settings.js": {"path":"C:\\Users\\User\\user\\School\\DOP\\Asgn 1\\ias-svc\\frontend\\src\\pages\\Settings.js","statementMap":{"0":{"start":{"line":22,"column":28},"end":{"line":22,"column":43}},"1":{"start":{"line":23,"column":44},"end":{"line":23,"column":59}},"2":{"start":{"line":24,"column":46},"end":{"line":24,"column":61}},"3":{"start":{"line":25,"column":30},"end":{"line":25,"column":50}},"4":{"start":{"line":26,"column":38},"end":{"line":26,"column":52}},"5":{"start":{"line":29,"column":53},"end":{"line":29,"column":88}},"6":{"start":{"line":30,"column":38},"end":{"line":30,"column":64}},"7":{"start":{"line":31,"column":40},"end":{"line":31,"column":66}},"8":{"start":{"line":35,"column":23},"end":{"line":35,"column":42}},"9":{"start":{"line":35,"column":29},"end":{"line":35,"column":42}},"10":{"start":{"line":36,"column":24},"end":{"line":54,"column":5}},"11":{"start":{"line":37,"column":8},"end":{"line":37,"column":23}},"12":{"start":{"line":39,"column":8},"end":{"line":53,"column":9}},"13":{"start":{"line":40,"column":26},"end":{"line":40,"column":34}},"14":{"start":{"line":41,"column":24},"end":{"line":41,"column":32}},"15":{"start":{"line":44,"column":29},"end":{"line":44,"column":105}},"16":{"start":{"line":45,"column":31},"end":{"line":45,"column":143}},"17":{"start":{"line":46,"column":29},"end":{"line":46,"column":83}},"18":{"start":{"line":49,"column":27},"end":{"line":49,"column":97}},"19":{"start":{"line":50,"column":29},"end":{"line":50,"column":135}},"20":{"start":{"line":51,"column":27},"end":{"line":51,"column":75}},"21":{"start":{"line":52,"column":12},"end":{"line":52,"column":59}},"22":{"start":{"line":58,"column":29},"end":{"line":58,"column":56}},"23":{"start":{"line":58,"column":35},"end":{"line":58,"column":56}},"24":{"start":{"line":59,"column":32},"end":{"line":62,"column":5}},"25":{"start":{"line":60,"column":8},"end":{"line":60,"column":31}},"26":{"start":{"line":61,"column":8},"end":{"line":61,"column":65}},"27":{"start":{"line":66,"column":30},"end":{"line":66,"column":58}},"28":{"start":{"line":66,"column":36},"end":{"line":66,"column":58}},"29":{"start":{"line":67,"column":33},"end":{"line":70,"column":5}},"30":{"start":{"line":68,"column":8},"end":{"line":68,"column":32}},"31":{"start":{"line":69,"column":8},"end":{"line":69,"column":67}},"32":{"start":{"line":74,"column":8},"end":{"line":74,"column":55}},"33":{"start":{"line":75,"column":8},"end":{"line":75,"column":39}},"34":{"start":{"line":76,"column":8},"end":{"line":76,"column":40}},"35":{"start":{"line":78,"column":24},"end":{"line":78,"column":37}},"36":{"start":{"line":79,"column":8},"end":{"line":79,"column":61}},"37":{"start":{"line":81,"column":18},"end":{"line":85,"column":10}},"38":{"start":{"line":87,"column":29},"end":{"line":92,"column":9}},"39":{"start":{"line":94,"column":8},"end":{"line":97,"column":67}},"40":{"start":{"line":95,"column":28},"end":{"line":95,"column":43}},"41":{"start":{"line":96,"column":26},"end":{"line":96,"column":72}},"42":{"start":{"line":97,"column":26},"end":{"line":97,"column":65}},"43":{"start":{"line":101,"column":4},"end":{"line":112,"column":50}},"44":{"start":{"line":102,"column":35},"end":{"line":110,"column":9}},"45":{"start":{"line":103,"column":12},"end":{"line":109,"column":13}},"46":{"start":{"line":106,"column":20},"end":{"line":106,"column":38}},"47":{"start":{"line":108,"column":16},"end":{"line":108,"column":35}},"48":{"start":{"line":111,"column":8},"end":{"line":111,"column":29}},"49":{"start":{"line":114,"column":4},"end":{"line":247,"column":3}}},"fnMap":{"0":{"name":"Settings","decl":{"start":{"line":20,"column":9},"end":{"line":20,"column":17}},"loc":{"start":{"line":20,"column":20},"end":{"line":248,"column":1}},"line":20},"1":{"name":"(anonymous_1)","decl":{"start":{"line":35,"column":23},"end":{"line":35,"column":24}},"loc":{"start":{"line":35,"column":29},"end":{"line":35,"column":42}},"line":35},"2":{"name":"(anonymous_2)","decl":{"start":{"line":36,"column":24},"end":{"line":36,"column":25}},"loc":{"start":{"line":36,"column":30},"end":{"line":54,"column":5}},"line":36},"3":{"name":"(anonymous_3)","decl":{"start":{"line":58,"column":29},"end":{"line":58,"column":30}},"loc":{"start":{"line":58,"column":35},"end":{"line":58,"column":56}},"line":58},"4":{"name":"(anonymous_4)","decl":{"start":{"line":59,"column":32},"end":{"line":59,"column":33}},"loc":{"start":{"line":59,"column":38},"end":{"line":62,"column":5}},"line":59},"5":{"name":"(anonymous_5)","decl":{"start":{"line":66,"column":30},"end":{"line":66,"column":31}},"loc":{"start":{"line":66,"column":36},"end":{"line":66,"column":58}},"line":66},"6":{"name":"(anonymous_6)","decl":{"start":{"line":67,"column":33},"end":{"line":67,"column":34}},"loc":{"start":{"line":67,"column":39},"end":{"line":70,"column":5}},"line":67},"7":{"name":"handleSave","decl":{"start":{"line":73,"column":13},"end":{"line":73,"column":23}},"loc":{"start":{"line":73,"column":25},"end":{"line":98,"column":5}},"line":73},"8":{"name":"(anonymous_8)","decl":{"start":{"line":95,"column":16},"end":{"line":95,"column":17}},"loc":{"start":{"line":95,"column":28},"end":{"line":95,"column":43}},"line":95},"9":{"name":"(anonymous_9)","decl":{"start":{"line":96,"column":16},"end":{"line":96,"column":17}},"loc":{"start":{"line":96,"column":26},"end":{"line":96,"column":72}},"line":96},"10":{"name":"(anonymous_10)","decl":{"start":{"line":97,"column":17},"end":{"line":97,"column":18}},"loc":{"start":{"line":97,"column":26},"end":{"line":97,"column":65}},"line":97},"11":{"name":"(anonymous_11)","decl":{"start":{"line":101,"column":14},"end":{"line":101,"column":15}},"loc":{"start":{"line":101,"column":20},"end":{"line":112,"column":5}},"line":101},"12":{"name":"(anonymous_12)","decl":{"start":{"line":102,"column":35},"end":{"line":102,"column":36}},"loc":{"start":{"line":102,"column":41},"end":{"line":110,"column":9}},"line":102}},"branchMap":{"0":{"loc":{"start":{"line":39,"column":8},"end":{"line":53,"column":9}},"type":"if","locations":[{"start":{"line":39,"column":8},"end":{"line":53,"column":9}},{"start":{},"end":{}}],"line":39},"1":{"loc":{"start":{"line":44,"column":29},"end":{"line":44,"column":105}},"type":"cond-expr","locations":[{"start":{"line":44,"column":62},"end":{"line":44,"column":85}},{"start":{"line":44,"column":88},"end":{"line":44,"column":105}}],"line":44},"2":{"loc":{"start":{"line":45,"column":31},"end":{"line":45,"column":143}},"type":"cond-expr","locations":[{"start":{"line":45,"column":76},"end":{"line":45,"column":111}},{"start":{"line":45,"column":114},"end":{"line":45,"column":143}}],"line":45},"3":{"loc":{"start":{"line":49,"column":27},"end":{"line":49,"column":97}},"type":"cond-expr","locations":[{"start":{"line":49,"column":58},"end":{"line":49,"column":79}},{"start":{"line":49,"column":82},"end":{"line":49,"column":97}}],"line":49},"4":{"loc":{"start":{"line":50,"column":29},"end":{"line":50,"column":135}},"type":"cond-expr","locations":[{"start":{"line":50,"column":72},"end":{"line":50,"column":105}},{"start":{"line":50,"column":108},"end":{"line":50,"column":135}}],"line":50},"5":{"loc":{"start":{"line":103,"column":12},"end":{"line":109,"column":13}},"type":"if","locations":[{"start":{"line":103,"column":12},"end":{"line":109,"column":13}},{"start":{"line":107,"column":17},"end":{"line":109,"column":13}}],"line":103},"6":{"loc":{"start":{"line":103,"column":15},"end":{"line":105,"column":68}},"type":"binary-expr","locations":[{"start":{"line":103,"column":15},"end":{"line":103,"column":61}},{"start":{"line":103,"column":65},"end":{"line":103,"column":88}},{"start":{"line":104,"column":16},"end":{"line":104,"column":46}},{"start":{"line":104,"column":50},"end":{"line":104,"column":66}},{"start":{"line":105,"column":16},"end":{"line":105,"column":47}},{"start":{"line":105,"column":51},"end":{"line":105,"column":68}}],"line":103}},"s":{"0":9,"1":9,"2":9,"3":9,"4":9,"5":9,"6":9,"7":9,"8":9,"9":0,"10":9,"11":0,"12":0,"13":0,"14":0,"15":0,"16":0,"17":0,"18":0,"19":0,"20":0,"21":0,"22":9,"23":0,"24":9,"25":0,"26":0,"27":9,"28":0,"29":9,"30":0,"31":0,"32":0,"33":0,"34":0,"35":0,"36":0,"37":0,"38":0,"39":0,"40":0,"41":0,"42":0,"43":9,"44":9,"45":9,"46":9,"47":0,"48":9,"49":9},"f":{"0":9,"1":0,"2":0,"3":0,"4":0,"5":0,"6":0,"7":0,"8":0,"9":0,"10":0,"11":9,"12":9},"b":{"0":[0,0],"1":[0,0],"2":[0,0],"3":[0,0],"4":[0,0],"5":[9,0],"6":[9,0,0,0,0,0]},"_coverageSchema":"1a1c01bbd47fc00a2c39e90264f33305004495a9","hash":"6f15dde44cb32e6ffa176557e12a521711b982c1"}
,"C:\\Users\\User\\user\\School\\DOP\\Asgn 1\\ias-svc\\frontend\\src\\pages\\UploadData.js": {"path":"C:\\Users\\User\\user\\School\\DOP\\Asgn 1\\ias-svc\\frontend\\src\\pages\\UploadData.js","statementMap":{"0":{"start":{"line":17,"column":48},"end":{"line":17,"column":63}},"1":{"start":{"line":18,"column":48},"end":{"line":18,"column":63}},"2":{"start":{"line":19,"column":36},"end":{"line":19,"column":50}},"3":{"start":{"line":22,"column":34},"end":{"line":22,"column":58}},"4":{"start":{"line":26,"column":34},"end":{"line":31,"column":3}},"5":{"start":{"line":27,"column":4},"end":{"line":27,"column":31}},"6":{"start":{"line":28,"column":4},"end":{"line":28,"column":25}},"7":{"start":{"line":29,"column":4},"end":{"line":29,"column":34}},"8":{"start":{"line":30,"column":4},"end":{"line":30,"column":28}},"9":{"start":{"line":33,"column":34},"end":{"line":38,"column":3}},"10":{"start":{"line":34,"column":4},"end":{"line":34,"column":31}},"11":{"start":{"line":35,"column":4},"end":{"line":35,"column":25}},"12":{"start":{"line":36,"column":4},"end":{"line":36,"column":34}},"13":{"start":{"line":37,"column":4},"end":{"line":37,"column":28}},"14":{"start":{"line":40,"column":48},"end":{"line":40,"column":60}},"15":{"start":{"line":41,"column":48},"end":{"line":41,"column":60}},"16":{"start":{"line":44,"column":27},"end":{"line":44,"column":44}},"17":{"start":{"line":45,"column":27},"end":{"line":45,"column":44}},"18":{"start":{"line":47,"column":35},"end":{"line":51,"column":3}},"19":{"start":{"line":48,"column":16},"end":{"line":48,"column":60}},"20":{"start":{"line":49,"column":4},"end":{"line":49,"column":32}},"21":{"start":{"line":50,"column":4},"end":{"line":50,"column":59}},"22":{"start":{"line":53,"column":35},"end":{"line":57,"column":3}},"23":{"start":{"line":54,"column":16},"end":{"line":54,"column":60}},"24":{"start":{"line":55,"column":4},"end":{"line":55,"column":32}},"25":{"start":{"line":56,"column":4},"end":{"line":56,"column":59}},"26":{"start":{"line":61,"column":29},"end":{"line":65,"column":3}},"27":{"start":{"line":62,"column":4},"end":{"line":62,"column":29}},"28":{"start":{"line":63,"column":4},"end":{"line":63,"column":26}},"29":{"start":{"line":64,"column":4},"end":{"line":64,"column":31}},"30":{"start":{"line":67,"column":33},"end":{"line":69,"column":3}},"31":{"start":{"line":68,"column":4},"end":{"line":68,"column":30}},"32":{"start":{"line":73,"column":29},"end":{"line":77,"column":3}},"33":{"start":{"line":74,"column":4},"end":{"line":74,"column":29}},"34":{"start":{"line":75,"column":4},"end":{"line":75,"column":26}},"35":{"start":{"line":76,"column":4},"end":{"line":76,"column":31}},"36":{"start":{"line":78,"column":33},"end":{"line":80,"column":3}},"37":{"start":{"line":79,"column":4},"end":{"line":79,"column":30}},"38":{"start":{"line":87,"column":20},"end":{"line":87,"column":33}},"39":{"start":{"line":88,"column":4},"end":{"line":88,"column":60}},"40":{"start":{"line":90,"column":25},"end":{"line":95,"column":5}},"41":{"start":{"line":97,"column":4},"end":{"line":100,"column":63}},"42":{"start":{"line":98,"column":24},"end":{"line":98,"column":39}},"43":{"start":{"line":99,"column":22},"end":{"line":99,"column":68}},"44":{"start":{"line":100,"column":22},"end":{"line":100,"column":61}},"45":{"start":{"line":115,"column":2},"end":{"line":205,"column":3}}},"fnMap":{"0":{"name":"UploadData","decl":{"start":{"line":15,"column":9},"end":{"line":15,"column":19}},"loc":{"start":{"line":15,"column":22},"end":{"line":206,"column":1}},"line":15},"1":{"name":"(anonymous_1)","decl":{"start":{"line":26,"column":34},"end":{"line":26,"column":35}},"loc":{"start":{"line":26,"column":50},"end":{"line":31,"column":3}},"line":26},"2":{"name":"(anonymous_2)","decl":{"start":{"line":33,"column":34},"end":{"line":33,"column":35}},"loc":{"start":{"line":33,"column":50},"end":{"line":38,"column":3}},"line":33},"3":{"name":"(anonymous_3)","decl":{"start":{"line":47,"column":35},"end":{"line":47,"column":36}},"loc":{"start":{"line":47,"column":46},"end":{"line":51,"column":3}},"line":47},"4":{"name":"(anonymous_4)","decl":{"start":{"line":53,"column":35},"end":{"line":53,"column":36}},"loc":{"start":{"line":53,"column":46},"end":{"line":57,"column":3}},"line":53},"5":{"name":"(anonymous_5)","decl":{"start":{"line":61,"column":29},"end":{"line":61,"column":30}},"loc":{"start":{"line":61,"column":35},"end":{"line":65,"column":3}},"line":61},"6":{"name":"(anonymous_6)","decl":{"start":{"line":67,"column":33},"end":{"line":67,"column":34}},"loc":{"start":{"line":67,"column":39},"end":{"line":69,"column":3}},"line":67},"7":{"name":"(anonymous_7)","decl":{"start":{"line":73,"column":29},"end":{"line":73,"column":30}},"loc":{"start":{"line":73,"column":35},"end":{"line":77,"column":3}},"line":73},"8":{"name":"(anonymous_8)","decl":{"start":{"line":78,"column":33},"end":{"line":78,"column":34}},"loc":{"start":{"line":78,"column":39},"end":{"line":80,"column":3}},"line":78},"9":{"name":"handleSave","decl":{"start":{"line":83,"column":11},"end":{"line":83,"column":21}},"loc":{"start":{"line":83,"column":24},"end":{"line":101,"column":3}},"line":83},"10":{"name":"(anonymous_10)","decl":{"start":{"line":98,"column":12},"end":{"line":98,"column":13}},"loc":{"start":{"line":98,"column":24},"end":{"line":98,"column":39}},"line":98},"11":{"name":"(anonymous_11)","decl":{"start":{"line":99,"column":12},"end":{"line":99,"column":13}},"loc":{"start":{"line":99,"column":22},"end":{"line":99,"column":68}},"line":99},"12":{"name":"(anonymous_12)","decl":{"start":{"line":100,"column":13},"end":{"line":100,"column":14}},"loc":{"start":{"line":100,"column":22},"end":{"line":100,"column":61}},"line":100}},"branchMap":{},"s":{"0":0,"1":0,"2":0,"3":0,"4":0,"5":0,"6":0,"7":0,"8":0,"9":0,"10":0,"11":0,"12":0,"13":0,"14":0,"15":0,"16":0,"17":0,"18":0,"19":0,"20":0,"21":0,"22":0,"23":0,"24":0,"25":0,"26":0,"27":0,"28":0,"29":0,"30":0,"31":0,"32":0,"33":0,"34":0,"35":0,"36":0,"37":0,"38":0,"39":0,"40":0,"41":0,"42":0,"43":0,"44":0,"45":0},"f":{"0":0,"1":0,"2":0,"3":0,"4":0,"5":0,"6":0,"7":0,"8":0,"9":0,"10":0,"11":0,"12":0},"b":{},"_coverageSchema":"1a1c01bbd47fc00a2c39e90264f33305004495a9","hash":"09423c054415575da16147b7c0b8487fac9d68f4"}
}
