TN:
SF:src\App.js
FN:20,App
FNF:1
FNH:1
FNDA:3,App
DA:21,3
LF:1
LH:1
BRF:0
BRH:0
end_of_record
TN:
SF:src\conn.js
FNF:0
FNH:0
DA:1,2
LF:1
LH:1
BRF:0
BRH:0
end_of_record
TN:
SF:src\index.js
FNF:0
FNH:0
DA:9,0
DA:10,0
DA:21,0
LF:3
LH:0
BRF:0
BRH:0
end_of_record
TN:
SF:src\reportWebVitals.js
FN:1,(anonymous_0)
FN:3,(anonymous_1)
FNF:2
FNH:0
FNDA:0,(anonymous_0)
FNDA:0,(anonymous_1)
DA:1,0
DA:2,0
DA:3,0
DA:4,0
DA:5,0
DA:6,0
DA:7,0
DA:8,0
LF:8
LH:0
BRDA:2,0,0,0
BRDA:2,0,1,0
BRDA:2,1,0,0
BRDA:2,1,1,0
BRF:4
BRH:0
end_of_record
TN:
SF:src\components\Footer\Footer.js
FN:3,Footer
FNF:1
FNH:1
FNDA:3,Footer
DA:5,3
DA:7,3
LF:2
LH:2
BRF:0
BRH:0
end_of_record
TN:
SF:src\components\NavBar\NavBar.js
FN:17,NavBar
FNF:1
FNH:1
FNDA:3,NavBar
DA:18,3
LF:1
LH:1
BRF:0
BRH:0
end_of_record
TN:
SF:src\components\Title\Title.js
FN:6,(anonymous_0)
FNF:1
FNH:1
FNDA:12,(anonymous_0)
DA:6,2
DA:7,12
LF:2
LH:2
BRF:0
BRH:0
end_of_record
TN:
SF:src\pages\Main.js
FN:8,main
FNF:1
FNH:1
FNDA:3,main
DA:9,3
LF:1
LH:1
BRF:0
BRH:0
end_of_record
TN:
SF:src\pages\MatchStudent.js
FN:6,matchStudent
FNF:1
FNH:0
FNDA:0,matchStudent
DA:7,0
LF:1
LH:0
BRF:0
BRH:0
end_of_record
TN:
SF:src\pages\PrepareEmail.js
FN:6,prepareEmail
FNF:1
FNH:0
FNDA:0,prepareEmail
DA:7,0
LF:1
LH:0
BRF:0
BRH:0
end_of_record
TN:
SF:src\pages\Settings.js
FN:20,Settings
FN:35,(anonymous_1)
FN:36,(anonymous_2)
FN:58,(anonymous_3)
FN:59,(anonymous_4)
FN:66,(anonymous_5)
FN:67,(anonymous_6)
FN:73,handleSave
FN:95,(anonymous_8)
FN:96,(anonymous_9)
FN:97,(anonymous_10)
FN:101,(anonymous_11)
FN:102,(anonymous_12)
FNF:13
FNH:3
FNDA:9,Settings
FNDA:0,(anonymous_1)
FNDA:0,(anonymous_2)
FNDA:0,(anonymous_3)
FNDA:0,(anonymous_4)
FNDA:0,(anonymous_5)
FNDA:0,(anonymous_6)
FNDA:0,handleSave
FNDA:0,(anonymous_8)
FNDA:0,(anonymous_9)
FNDA:0,(anonymous_10)
FNDA:9,(anonymous_11)
FNDA:9,(anonymous_12)
DA:22,9
DA:23,9
DA:24,9
DA:25,9
DA:26,9
DA:29,9
DA:30,9
DA:31,9
DA:35,9
DA:36,9
DA:37,0
DA:39,0
DA:40,0
DA:41,0
DA:44,0
DA:45,0
DA:46,0
DA:49,0
DA:50,0
DA:51,0
DA:52,0
DA:58,9
DA:59,9
DA:60,0
DA:61,0
DA:66,9
DA:67,9
DA:68,0
DA:69,0
DA:74,0
DA:75,0
DA:76,0
DA:78,0
DA:79,0
DA:81,0
DA:87,0
DA:94,0
DA:95,0
DA:96,0
DA:97,0
DA:101,9
DA:102,9
DA:103,9
DA:106,9
DA:108,0
DA:111,9
DA:114,9
LF:47
LH:20
BRDA:39,0,0,0
BRDA:39,0,1,0
BRDA:44,1,0,0
BRDA:44,1,1,0
BRDA:45,2,0,0
BRDA:45,2,1,0
BRDA:49,3,0,0
BRDA:49,3,1,0
BRDA:50,4,0,0
BRDA:50,4,1,0
BRDA:103,5,0,9
BRDA:103,5,1,0
BRDA:103,6,0,9
BRDA:103,6,1,0
BRDA:103,6,2,0
BRDA:103,6,3,0
BRDA:103,6,4,0
BRDA:103,6,5,0
BRF:18
BRH:2
end_of_record
TN:
SF:src\pages\UploadData.js
FN:15,UploadData
FN:26,(anonymous_1)
FN:33,(anonymous_2)
FN:47,(anonymous_3)
FN:53,(anonymous_4)
FN:61,(anonymous_5)
FN:67,(anonymous_6)
FN:73,(anonymous_7)
FN:78,(anonymous_8)
FN:83,handleSave
FN:98,(anonymous_10)
FN:99,(anonymous_11)
FN:100,(anonymous_12)
FNF:13
FNH:0
FNDA:0,UploadData
FNDA:0,(anonymous_1)
FNDA:0,(anonymous_2)
FNDA:0,(anonymous_3)
FNDA:0,(anonymous_4)
FNDA:0,(anonymous_5)
FNDA:0,(anonymous_6)
FNDA:0,(anonymous_7)
FNDA:0,(anonymous_8)
FNDA:0,handleSave
FNDA:0,(anonymous_10)
FNDA:0,(anonymous_11)
FNDA:0,(anonymous_12)
DA:17,0
DA:18,0
DA:19,0
DA:22,0
DA:26,0
DA:27,0
DA:28,0
DA:29,0
DA:30,0
DA:33,0
DA:34,0
DA:35,0
DA:36,0
DA:37,0
DA:40,0
DA:41,0
DA:44,0
DA:45,0
DA:47,0
DA:48,0
DA:49,0
DA:50,0
DA:53,0
DA:54,0
DA:55,0
DA:56,0
DA:61,0
DA:62,0
DA:63,0
DA:64,0
DA:67,0
DA:68,0
DA:73,0
DA:74,0
DA:75,0
DA:76,0
DA:78,0
DA:79,0
DA:87,0
DA:88,0
DA:90,0
DA:97,0
DA:98,0
DA:99,0
DA:100,0
DA:115,0
LF:46
LH:0
BRF:0
BRH:0
end_of_record
