<?xml version="1.0" encoding="UTF-8"?>
<coverage generated="1673407907793" clover="3.2.0">
  <project timestamp="1673407907793" name="All files">
    <metrics statements="19" coveredstatements="18" conditionals="4" coveredconditionals="2" methods="5" coveredmethods="4" elements="28" coveredelements="24" complexity="0" loc="19" ncloc="19" packages="1" files="1" classes="1"/>
    <file name="students.js" path="C:\Users\Linco\Documents\Ngee Ann Bs\Year 3 sem 2\DevOps\assignment\ias-svc\backend\src\routes\students.js">
      <metrics statements="19" coveredstatements="18" conditionals="4" coveredconditionals="2" methods="5" coveredmethods="4"/>
      <line num="2" count="1" type="stmt"/>
      <line num="3" count="1" type="stmt"/>
      <line num="6" count="1" type="stmt"/>
      <line num="7" count="1" type="stmt"/>
      <line num="15" count="1" type="stmt"/>
      <line num="16" count="1" type="stmt"/>
      <line num="17" count="1" type="stmt"/>
      <line num="22" count="1" type="stmt"/>
      <line num="23" count="1" type="stmt"/>
      <line num="24" count="1" type="cond" truecount="1" falsecount="1"/>
      <line num="25" count="1" type="stmt"/>
      <line num="27" count="1" type="stmt"/>
      <line num="28" count="1" type="stmt"/>
      <line num="29" count="1" type="cond" truecount="1" falsecount="1"/>
      <line num="30" count="1" type="stmt"/>
      <line num="31" count="1" type="stmt"/>
      <line num="37" count="0" type="stmt"/>
      <line num="39" count="1" type="stmt"/>
      <line num="41" count="1" type="stmt"/>
    </file>
  </project>
</coverage>
