{"C:\\Users\\Linco\\Documents\\Ngee Ann Bs\\Year 3 sem 2\\DevOps\\assignment\\ias-svc\\backend\\src\\db.js": {"path":"C:\\Users\\Linco\\Documents\\Ngee Ann Bs\\Year 3 sem 2\\DevOps\\assignment\\ias-svc\\backend\\src\\db.js","statementMap":{"0":{"start":{"line":1,"column":14},"end":{"line":1,"column":31}},"1":{"start":{"line":2,"column":12},"end":{"line":7,"column":2}},"2":{"start":{"line":9,"column":0},"end":{"line":9,"column":21}}},"fnMap":{},"branchMap":{},"s":{"0":2,"1":2,"2":2},"f":{},"b":{},"_coverageSchema":"1a1c01bbd47fc00a2c39e90264f33305004495a9","hash":"7491a247974cee9ae3739f523b81d0eddce04025"}
,"C:\\Users\\Linco\\Documents\\Ngee Ann Bs\\Year 3 sem 2\\DevOps\\assignment\\ias-svc\\backend\\src\\utils.js": {"path":"C:\\Users\\Linco\\Documents\\Ngee Ann Bs\\Year 3 sem 2\\DevOps\\assignment\\ias-svc\\backend\\src\\utils.js","statementMap":{"0":{"start":{"line":1,"column":20},"end":{"line":4,"column":1}},"1":{"start":{"line":2,"column":4},"end":{"line":2,"column":20}},"2":{"start":{"line":3,"column":4},"end":{"line":3,"column":31}},"3":{"start":{"line":6,"column":22},"end":{"line":13,"column":1}},"4":{"start":{"line":7,"column":4},"end":{"line":7,"column":20}},"5":{"start":{"line":8,"column":4},"end":{"line":12,"column":5}},"6":{"start":{"line":9,"column":8},"end":{"line":9,"column":23}},"7":{"start":{"line":11,"column":8},"end":{"line":11,"column":19}},"8":{"start":{"line":15,"column":0},"end":{"line":15,"column":29}},"9":{"start":{"line":16,"column":0},"end":{"line":16,"column":31}}},"fnMap":{"0":{"name":"returnError","decl":{"start":{"line":1,"column":29},"end":{"line":1,"column":40}},"loc":{"start":{"line":1,"column":64},"end":{"line":4,"column":1}},"line":1},"1":{"name":"returnSuccess","decl":{"start":{"line":6,"column":31},"end":{"line":6,"column":44}},"loc":{"start":{"line":6,"column":56},"end":{"line":13,"column":1}},"line":6}},"branchMap":{"0":{"loc":{"start":{"line":8,"column":4},"end":{"line":12,"column":5}},"type":"if","locations":[{"start":{"line":8,"column":4},"end":{"line":12,"column":5}},{"start":{"line":10,"column":11},"end":{"line":12,"column":5}}],"line":8}},"s":{"0":2,"1":0,"2":0,"3":2,"4":2,"5":0,"6":0,"7":0,"8":2,"9":2},"f":{"0":0,"1":2},"b":{"0":[0,0]},"_coverageSchema":"1a1c01bbd47fc00a2c39e90264f33305004495a9","hash":"b8b7f1923adebe7f43fb6c82211dafa5cf0d5601"}
,"C:\\Users\\Linco\\Documents\\Ngee Ann Bs\\Year 3 sem 2\\DevOps\\assignment\\ias-svc\\backend\\src\\routes\\company\\GET.js": {"path":"C:\\Users\\Linco\\Documents\\Ngee Ann Bs\\Year 3 sem 2\\DevOps\\assignment\\ias-svc\\backend\\src\\routes\\company\\GET.js","statementMap":{"0":{"start":{"line":1,"column":12},"end":{"line":1,"column":31}},"1":{"start":{"line":2,"column":22},"end":{"line":2,"column":44}},"2":{"start":{"line":3,"column":20},"end":{"line":3,"column":42}},"3":{"start":{"line":4,"column":16},"end":{"line":4,"column":34}},"4":{"start":{"line":5,"column":15},"end":{"line":5,"column":31}},"5":{"start":{"line":7,"column":12},"end":{"line":16,"column":2}},"6":{"start":{"line":8,"column":4},"end":{"line":15,"column":6}},"7":{"start":{"line":9,"column":8},"end":{"line":9,"column":31}},"8":{"start":{"line":9,"column":19},"end":{"line":9,"column":31}},"9":{"start":{"line":11,"column":8},"end":{"line":14,"column":10}},"10":{"start":{"line":12,"column":12},"end":{"line":12,"column":34}},"11":{"start":{"line":12,"column":23},"end":{"line":12,"column":34}},"12":{"start":{"line":13,"column":12},"end":{"line":13,"column":40}},"13":{"start":{"line":18,"column":0},"end":{"line":18,"column":21}}},"fnMap":{"0":{"name":"(anonymous_0)","decl":{"start":{"line":7,"column":28},"end":{"line":7,"column":29}},"loc":{"start":{"line":7,"column":42},"end":{"line":16,"column":1}},"line":7},"1":{"name":"(anonymous_1)","decl":{"start":{"line":8,"column":16},"end":{"line":8,"column":17}},"loc":{"start":{"line":8,"column":25},"end":{"line":15,"column":5}},"line":8},"2":{"name":"(anonymous_2)","decl":{"start":{"line":11,"column":43},"end":{"line":11,"column":44}},"loc":{"start":{"line":11,"column":63},"end":{"line":14,"column":9}},"line":11}},"branchMap":{"0":{"loc":{"start":{"line":9,"column":8},"end":{"line":9,"column":31}},"type":"if","locations":[{"start":{"line":9,"column":8},"end":{"line":9,"column":31}},{"start":{},"end":{}}],"line":9},"1":{"loc":{"start":{"line":12,"column":12},"end":{"line":12,"column":34}},"type":"if","locations":[{"start":{"line":12,"column":12},"end":{"line":12,"column":34}},{"start":{},"end":{}}],"line":12}},"s":{"0":1,"1":1,"2":1,"3":1,"4":1,"5":1,"6":1,"7":1,"8":0,"9":1,"10":1,"11":0,"12":1,"13":1},"f":{"0":1,"1":1,"2":1},"b":{"0":[0,1],"1":[0,1]},"_coverageSchema":"1a1c01bbd47fc00a2c39e90264f33305004495a9","hash":"0f9bb350afae474f6a4650ad832c86ef44a023cd"}
,"C:\\Users\\Linco\\Documents\\Ngee Ann Bs\\Year 3 sem 2\\DevOps\\assignment\\ias-svc\\backend\\src\\routes\\student\\GET.js": {"path":"C:\\Users\\Linco\\Documents\\Ngee Ann Bs\\Year 3 sem 2\\DevOps\\assignment\\ias-svc\\backend\\src\\routes\\student\\GET.js","statementMap":{"0":{"start":{"line":1,"column":12},"end":{"line":1,"column":31}},"1":{"start":{"line":2,"column":22},"end":{"line":2,"column":44}},"2":{"start":{"line":3,"column":20},"end":{"line":3,"column":42}},"3":{"start":{"line":4,"column":16},"end":{"line":4,"column":34}},"4":{"start":{"line":5,"column":15},"end":{"line":5,"column":31}},"5":{"start":{"line":7,"column":12},"end":{"line":16,"column":2}},"6":{"start":{"line":8,"column":4},"end":{"line":15,"column":6}},"7":{"start":{"line":9,"column":8},"end":{"line":9,"column":31}},"8":{"start":{"line":9,"column":19},"end":{"line":9,"column":31}},"9":{"start":{"line":11,"column":8},"end":{"line":14,"column":10}},"10":{"start":{"line":12,"column":12},"end":{"line":12,"column":35}},"11":{"start":{"line":12,"column":23},"end":{"line":12,"column":35}},"12":{"start":{"line":13,"column":12},"end":{"line":13,"column":40}},"13":{"start":{"line":18,"column":0},"end":{"line":18,"column":21}}},"fnMap":{"0":{"name":"(anonymous_0)","decl":{"start":{"line":7,"column":28},"end":{"line":7,"column":29}},"loc":{"start":{"line":7,"column":42},"end":{"line":16,"column":1}},"line":7},"1":{"name":"(anonymous_1)","decl":{"start":{"line":8,"column":16},"end":{"line":8,"column":17}},"loc":{"start":{"line":8,"column":25},"end":{"line":15,"column":5}},"line":8},"2":{"name":"(anonymous_2)","decl":{"start":{"line":11,"column":43},"end":{"line":11,"column":44}},"loc":{"start":{"line":11,"column":63},"end":{"line":14,"column":9}},"line":11}},"branchMap":{"0":{"loc":{"start":{"line":9,"column":8},"end":{"line":9,"column":31}},"type":"if","locations":[{"start":{"line":9,"column":8},"end":{"line":9,"column":31}},{"start":{},"end":{}}],"line":9},"1":{"loc":{"start":{"line":12,"column":12},"end":{"line":12,"column":35}},"type":"if","locations":[{"start":{"line":12,"column":12},"end":{"line":12,"column":35}},{"start":{},"end":{}}],"line":12}},"s":{"0":1,"1":1,"2":1,"3":1,"4":1,"5":1,"6":1,"7":1,"8":0,"9":1,"10":1,"11":0,"12":1,"13":1},"f":{"0":1,"1":1,"2":1},"b":{"0":[0,1],"1":[0,1]},"_coverageSchema":"1a1c01bbd47fc00a2c39e90264f33305004495a9","hash":"29f7c167159be54ba87f5f14c31f436d6c29358c"}
}
