{"C:\\Users\\Linco\\Documents\\Ngee Ann Bs\\Year 3 sem 2\\DevOps\\assignment\\ias-svc\\backend\\src\\db.js": {"path":"C:\\Users\\Linco\\Documents\\Ngee Ann Bs\\Year 3 sem 2\\DevOps\\assignment\\ias-svc\\backend\\src\\db.js","statementMap":{"0":{"start":{"line":1,"column":14},"end":{"line":1,"column":31}},"1":{"start":{"line":2,"column":12},"end":{"line":7,"column":2}},"2":{"start":{"line":9,"column":0},"end":{"line":9,"column":21}}},"fnMap":{},"branchMap":{},"s":{"0":2,"1":2,"2":2},"f":{},"b":{},"_coverageSchema":"1a1c01bbd47fc00a2c39e90264f33305004495a9","hash":"7491a247974cee9ae3739f523b81d0eddce04025"}
,"C:\\Users\\Linco\\Documents\\Ngee Ann Bs\\Year 3 sem 2\\DevOps\\assignment\\ias-svc\\backend\\src\\testingServer.js": {"path":"C:\\Users\\Linco\\Documents\\Ngee Ann Bs\\Year 3 sem 2\\DevOps\\assignment\\ias-svc\\backend\\src\\testingServer.js","statementMap":{"0":{"start":{"line":1,"column":13},"end":{"line":1,"column":28}},"1":{"start":{"line":2,"column":16},"end":{"line":2,"column":34}},"2":{"start":{"line":3,"column":11},"end":{"line":3,"column":33}},"3":{"start":{"line":5,"column":12},"end":{"line":5,"column":21}},"4":{"start":{"line":6,"column":0},"end":{"line":6,"column":19}},"5":{"start":{"line":7,"column":0},"end":{"line":7,"column":16}},"6":{"start":{"line":9,"column":13},"end":{"line":9,"column":17}},"7":{"start":{"line":11,"column":0},"end":{"line":13,"column":2}},"8":{"start":{"line":12,"column":4},"end":{"line":12,"column":28}},"9":{"start":{"line":16,"column":22},"end":{"line":16,"column":53}},"10":{"start":{"line":17,"column":0},"end":{"line":17,"column":42}},"11":{"start":{"line":19,"column":29},"end":{"line":19,"column":61}},"12":{"start":{"line":20,"column":0},"end":{"line":20,"column":50}},"13":{"start":{"line":23,"column":22},"end":{"line":23,"column":53}},"14":{"start":{"line":24,"column":0},"end":{"line":24,"column":43}},"15":{"start":{"line":26,"column":30},"end":{"line":26,"column":62}},"16":{"start":{"line":27,"column":0},"end":{"line":27,"column":52}},"17":{"start":{"line":30,"column":20},"end":{"line":30,"column":45}},"18":{"start":{"line":31,"column":0},"end":{"line":31,"column":37}},"19":{"start":{"line":34,"column":23},"end":{"line":34,"column":55}},"20":{"start":{"line":35,"column":0},"end":{"line":35,"column":44}},"21":{"start":{"line":37,"column":29},"end":{"line":37,"column":61}},"22":{"start":{"line":38,"column":0},"end":{"line":38,"column":50}},"23":{"start":{"line":40,"column":0},"end":{"line":42,"column":2}},"24":{"start":{"line":41,"column":4},"end":{"line":41,"column":44}},"25":{"start":{"line":44,"column":0},"end":{"line":44,"column":21}}},"fnMap":{"0":{"name":"(anonymous_0)","decl":{"start":{"line":11,"column":19},"end":{"line":11,"column":20}},"loc":{"start":{"line":11,"column":33},"end":{"line":13,"column":1}},"line":11},"1":{"name":"(anonymous_1)","decl":{"start":{"line":40,"column":17},"end":{"line":40,"column":18}},"loc":{"start":{"line":40,"column":23},"end":{"line":42,"column":1}},"line":40}},"branchMap":{},"s":{"0":2,"1":2,"2":2,"3":2,"4":2,"5":2,"6":2,"7":2,"8":0,"9":2,"10":2,"11":2,"12":2,"13":2,"14":2,"15":2,"16":2,"17":2,"18":2,"19":2,"20":2,"21":2,"22":2,"23":2,"24":1,"25":2},"f":{"0":0,"1":1},"b":{},"_coverageSchema":"1a1c01bbd47fc00a2c39e90264f33305004495a9","hash":"c9a81c9911b5b23f4196e123ac68bda1b91815f0"}
,"C:\\Users\\Linco\\Documents\\Ngee Ann Bs\\Year 3 sem 2\\DevOps\\assignment\\ias-svc\\backend\\src\\utils.js": {"path":"C:\\Users\\Linco\\Documents\\Ngee Ann Bs\\Year 3 sem 2\\DevOps\\assignment\\ias-svc\\backend\\src\\utils.js","statementMap":{"0":{"start":{"line":1,"column":20},"end":{"line":4,"column":1}},"1":{"start":{"line":2,"column":4},"end":{"line":2,"column":20}},"2":{"start":{"line":3,"column":4},"end":{"line":3,"column":31}},"3":{"start":{"line":6,"column":22},"end":{"line":13,"column":1}},"4":{"start":{"line":7,"column":4},"end":{"line":7,"column":20}},"5":{"start":{"line":8,"column":4},"end":{"line":12,"column":5}},"6":{"start":{"line":9,"column":8},"end":{"line":9,"column":23}},"7":{"start":{"line":11,"column":8},"end":{"line":11,"column":19}},"8":{"start":{"line":15,"column":0},"end":{"line":15,"column":29}},"9":{"start":{"line":16,"column":0},"end":{"line":16,"column":31}}},"fnMap":{"0":{"name":"returnError","decl":{"start":{"line":1,"column":29},"end":{"line":1,"column":40}},"loc":{"start":{"line":1,"column":64},"end":{"line":4,"column":1}},"line":1},"1":{"name":"returnSuccess","decl":{"start":{"line":6,"column":31},"end":{"line":6,"column":44}},"loc":{"start":{"line":6,"column":56},"end":{"line":13,"column":1}},"line":6}},"branchMap":{"0":{"loc":{"start":{"line":8,"column":4},"end":{"line":12,"column":5}},"type":"if","locations":[{"start":{"line":8,"column":4},"end":{"line":12,"column":5}},{"start":{"line":10,"column":11},"end":{"line":12,"column":5}}],"line":8}},"s":{"0":2,"1":0,"2":0,"3":2,"4":2,"5":2,"6":2,"7":0,"8":2,"9":2},"f":{"0":0,"1":2},"b":{"0":[2,0]},"_coverageSchema":"1a1c01bbd47fc00a2c39e90264f33305004495a9","hash":"b8b7f1923adebe7f43fb6c82211dafa5cf0d5601"}
,"C:\\Users\\Linco\\Documents\\Ngee Ann Bs\\Year 3 sem 2\\DevOps\\assignment\\ias-svc\\backend\\src\\routes\\email.js": {"path":"C:\\Users\\Linco\\Documents\\Ngee Ann Bs\\Year 3 sem 2\\DevOps\\assignment\\ias-svc\\backend\\src\\routes\\email.js","statementMap":{"0":{"start":{"line":1,"column":16},"end":{"line":1,"column":34}},"1":{"start":{"line":2,"column":15},"end":{"line":2,"column":31}},"2":{"start":{"line":4,"column":14},"end":{"line":4,"column":31}},"3":{"start":{"line":5,"column":12},"end":{"line":10,"column":2}},"4":{"start":{"line":12,"column":19},"end":{"line":12,"column":40}},"5":{"start":{"line":14,"column":20},"end":{"line":22,"column":2}},"6":{"start":{"line":24,"column":26},"end":{"line":41,"column":1}},"7":{"start":{"line":25,"column":4},"end":{"line":40,"column":5}},"8":{"start":{"line":26,"column":24},"end":{"line":26,"column":120}},"9":{"start":{"line":29,"column":8},"end":{"line":36,"column":9}},"10":{"start":{"line":31,"column":35},"end":{"line":31,"column":61}},"11":{"start":{"line":32,"column":12},"end":{"line":32,"column":33}},"12":{"start":{"line":35,"column":12},"end":{"line":35,"column":23}},"13":{"start":{"line":39,"column":8},"end":{"line":39,"column":17}},"14":{"start":{"line":43,"column":28},"end":{"line":60,"column":1}},"15":{"start":{"line":44,"column":4},"end":{"line":59,"column":5}},"16":{"start":{"line":45,"column":24},"end":{"line":45,"column":123}},"17":{"start":{"line":48,"column":8},"end":{"line":55,"column":9}},"18":{"start":{"line":50,"column":37},"end":{"line":50,"column":61}},"19":{"start":{"line":51,"column":12},"end":{"line":51,"column":35}},"20":{"start":{"line":54,"column":12},"end":{"line":54,"column":23}},"21":{"start":{"line":58,"column":8},"end":{"line":58,"column":17}},"22":{"start":{"line":63,"column":0},"end":{"line":66,"column":2}},"23":{"start":{"line":64,"column":4},"end":{"line":64,"column":23}},"24":{"start":{"line":65,"column":4},"end":{"line":65,"column":10}},"25":{"start":{"line":68,"column":0},"end":{"line":68,"column":26}},"26":{"start":{"line":70,"column":0},"end":{"line":120,"column":2}},"27":{"start":{"line":71,"column":4},"end":{"line":119,"column":6}},"28":{"start":{"line":72,"column":8},"end":{"line":72,"column":30}},"29":{"start":{"line":72,"column":19},"end":{"line":72,"column":30}},"30":{"start":{"line":73,"column":8},"end":{"line":73,"column":33}},"31":{"start":{"line":76,"column":8},"end":{"line":118,"column":10}},"32":{"start":{"line":77,"column":12},"end":{"line":77,"column":32}},"33":{"start":{"line":78,"column":12},"end":{"line":78,"column":34}},"34":{"start":{"line":78,"column":23},"end":{"line":78,"column":34}},"35":{"start":{"line":81,"column":29},"end":{"line":81,"column":36}},"36":{"start":{"line":82,"column":12},"end":{"line":117,"column":14}},"37":{"start":{"line":83,"column":32},"end":{"line":83,"column":75}},"38":{"start":{"line":86,"column":39},"end":{"line":86,"column":76}},"39":{"start":{"line":89,"column":29},"end":{"line":89,"column":53}},"40":{"start":{"line":92,"column":41},"end":{"line":92,"column":62}},"41":{"start":{"line":95,"column":32},"end":{"line":97,"column":98}},"42":{"start":{"line":104,"column":36},"end":{"line":109,"column":17}},"43":{"start":{"line":110,"column":16},"end":{"line":116,"column":18}},"44":{"start":{"line":111,"column":20},"end":{"line":115,"column":21}},"45":{"start":{"line":112,"column":24},"end":{"line":112,"column":42}},"46":{"start":{"line":114,"column":24},"end":{"line":114,"column":106}},"47":{"start":{"line":122,"column":0},"end":{"line":122,"column":23}}},"fnMap":{"0":{"name":"(anonymous_0)","decl":{"start":{"line":24,"column":26},"end":{"line":24,"column":27}},"loc":{"start":{"line":24,"column":55},"end":{"line":41,"column":1}},"line":24},"1":{"name":"(anonymous_1)","decl":{"start":{"line":43,"column":28},"end":{"line":43,"column":29}},"loc":{"start":{"line":43,"column":40},"end":{"line":60,"column":1}},"line":43},"2":{"name":"(anonymous_2)","decl":{"start":{"line":63,"column":11},"end":{"line":63,"column":12}},"loc":{"start":{"line":63,"column":31},"end":{"line":66,"column":1}},"line":63},"3":{"name":"(anonymous_3)","decl":{"start":{"line":70,"column":25},"end":{"line":70,"column":26}},"loc":{"start":{"line":70,"column":39},"end":{"line":120,"column":1}},"line":70},"4":{"name":"(anonymous_4)","decl":{"start":{"line":71,"column":16},"end":{"line":71,"column":17}},"loc":{"start":{"line":71,"column":25},"end":{"line":119,"column":5}},"line":71},"5":{"name":"(anonymous_5)","decl":{"start":{"line":76,"column":79},"end":{"line":76,"column":80}},"loc":{"start":{"line":76,"column":99},"end":{"line":118,"column":9}},"line":76},"6":{"name":"(anonymous_6)","decl":{"start":{"line":82,"column":29},"end":{"line":82,"column":30}},"loc":{"start":{"line":82,"column":40},"end":{"line":117,"column":13}},"line":82},"7":{"name":"(anonymous_7)","decl":{"start":{"line":110,"column":50},"end":{"line":110,"column":51}},"loc":{"start":{"line":110,"column":67},"end":{"line":116,"column":17}},"line":110}},"branchMap":{"0":{"loc":{"start":{"line":29,"column":8},"end":{"line":36,"column":9}},"type":"if","locations":[{"start":{"line":29,"column":8},"end":{"line":36,"column":9}},{"start":{"line":34,"column":13},"end":{"line":36,"column":9}}],"line":29},"1":{"loc":{"start":{"line":29,"column":12},"end":{"line":29,"column":89}},"type":"binary-expr","locations":[{"start":{"line":29,"column":12},"end":{"line":29,"column":19}},{"start":{"line":29,"column":23},"end":{"line":29,"column":41}},{"start":{"line":29,"column":45},"end":{"line":29,"column":89}}],"line":29},"2":{"loc":{"start":{"line":48,"column":8},"end":{"line":55,"column":9}},"type":"if","locations":[{"start":{"line":48,"column":8},"end":{"line":55,"column":9}},{"start":{"line":53,"column":13},"end":{"line":55,"column":9}}],"line":48},"3":{"loc":{"start":{"line":48,"column":12},"end":{"line":48,"column":86}},"type":"binary-expr","locations":[{"start":{"line":48,"column":12},"end":{"line":48,"column":19}},{"start":{"line":48,"column":23},"end":{"line":48,"column":41}},{"start":{"line":48,"column":45},"end":{"line":48,"column":86}}],"line":48},"4":{"loc":{"start":{"line":72,"column":8},"end":{"line":72,"column":30}},"type":"if","locations":[{"start":{"line":72,"column":8},"end":{"line":72,"column":30}},{"start":{},"end":{}}],"line":72},"5":{"loc":{"start":{"line":78,"column":12},"end":{"line":78,"column":34}},"type":"if","locations":[{"start":{"line":78,"column":12},"end":{"line":78,"column":34}},{"start":{},"end":{}}],"line":78},"6":{"loc":{"start":{"line":111,"column":20},"end":{"line":115,"column":21}},"type":"if","locations":[{"start":{"line":111,"column":20},"end":{"line":115,"column":21}},{"start":{"line":113,"column":27},"end":{"line":115,"column":21}}],"line":111}},"s":{"0":2,"1":2,"2":2,"3":2,"4":2,"5":2,"6":2,"7":0,"8":0,"9":0,"10":0,"11":0,"12":0,"13":0,"14":2,"15":0,"16":0,"17":0,"18":0,"19":0,"20":0,"21":0,"22":2,"23":0,"24":0,"25":2,"26":2,"27":0,"28":0,"29":0,"30":0,"31":0,"32":0,"33":0,"34":0,"35":0,"36":0,"37":0,"38":0,"39":0,"40":0,"41":0,"42":0,"43":0,"44":0,"45":0,"46":0,"47":2},"f":{"0":0,"1":0,"2":0,"3":0,"4":0,"5":0,"6":0,"7":0},"b":{"0":[0,0],"1":[0,0,0],"2":[0,0],"3":[0,0,0],"4":[0,0],"5":[0,0],"6":[0,0]},"_coverageSchema":"1a1c01bbd47fc00a2c39e90264f33305004495a9","hash":"b4c585065befd93897c45d1006cf72377bba083f"}
,"C:\\Users\\Linco\\Documents\\Ngee Ann Bs\\Year 3 sem 2\\DevOps\\assignment\\ias-svc\\backend\\src\\routes\\company\\GET.js": {"path":"C:\\Users\\Linco\\Documents\\Ngee Ann Bs\\Year 3 sem 2\\DevOps\\assignment\\ias-svc\\backend\\src\\routes\\company\\GET.js","statementMap":{"0":{"start":{"line":1,"column":12},"end":{"line":1,"column":31}},"1":{"start":{"line":2,"column":22},"end":{"line":2,"column":44}},"2":{"start":{"line":3,"column":20},"end":{"line":3,"column":42}},"3":{"start":{"line":4,"column":16},"end":{"line":4,"column":34}},"4":{"start":{"line":5,"column":15},"end":{"line":5,"column":31}},"5":{"start":{"line":7,"column":12},"end":{"line":16,"column":2}},"6":{"start":{"line":8,"column":4},"end":{"line":15,"column":6}},"7":{"start":{"line":9,"column":8},"end":{"line":9,"column":31}},"8":{"start":{"line":9,"column":19},"end":{"line":9,"column":31}},"9":{"start":{"line":11,"column":8},"end":{"line":14,"column":10}},"10":{"start":{"line":12,"column":12},"end":{"line":12,"column":34}},"11":{"start":{"line":12,"column":23},"end":{"line":12,"column":34}},"12":{"start":{"line":13,"column":12},"end":{"line":13,"column":40}},"13":{"start":{"line":18,"column":0},"end":{"line":18,"column":21}}},"fnMap":{"0":{"name":"(anonymous_0)","decl":{"start":{"line":7,"column":28},"end":{"line":7,"column":29}},"loc":{"start":{"line":7,"column":42},"end":{"line":16,"column":1}},"line":7},"1":{"name":"(anonymous_1)","decl":{"start":{"line":8,"column":16},"end":{"line":8,"column":17}},"loc":{"start":{"line":8,"column":25},"end":{"line":15,"column":5}},"line":8},"2":{"name":"(anonymous_2)","decl":{"start":{"line":11,"column":43},"end":{"line":11,"column":44}},"loc":{"start":{"line":11,"column":63},"end":{"line":14,"column":9}},"line":11}},"branchMap":{"0":{"loc":{"start":{"line":9,"column":8},"end":{"line":9,"column":31}},"type":"if","locations":[{"start":{"line":9,"column":8},"end":{"line":9,"column":31}},{"start":{},"end":{}}],"line":9},"1":{"loc":{"start":{"line":12,"column":12},"end":{"line":12,"column":34}},"type":"if","locations":[{"start":{"line":12,"column":12},"end":{"line":12,"column":34}},{"start":{},"end":{}}],"line":12}},"s":{"0":2,"1":2,"2":2,"3":2,"4":2,"5":2,"6":1,"7":1,"8":0,"9":1,"10":1,"11":0,"12":1,"13":2},"f":{"0":1,"1":1,"2":1},"b":{"0":[0,1],"1":[0,1]},"_coverageSchema":"1a1c01bbd47fc00a2c39e90264f33305004495a9","hash":"0f9bb350afae474f6a4650ad832c86ef44a023cd"}
,"C:\\Users\\Linco\\Documents\\Ngee Ann Bs\\Year 3 sem 2\\DevOps\\assignment\\ias-svc\\backend\\src\\routes\\company\\POST.js": {"path":"C:\\Users\\Linco\\Documents\\Ngee Ann Bs\\Year 3 sem 2\\DevOps\\assignment\\ias-svc\\backend\\src\\routes\\company\\POST.js","statementMap":{"0":{"start":{"line":1,"column":12},"end":{"line":1,"column":31}},"1":{"start":{"line":2,"column":22},"end":{"line":2,"column":44}},"2":{"start":{"line":3,"column":20},"end":{"line":3,"column":42}},"3":{"start":{"line":4,"column":16},"end":{"line":4,"column":34}},"4":{"start":{"line":5,"column":15},"end":{"line":5,"column":31}},"5":{"start":{"line":7,"column":11},"end":{"line":7,"column":24}},"6":{"start":{"line":8,"column":13},"end":{"line":8,"column":28}},"7":{"start":{"line":9,"column":14},"end":{"line":9,"column":30}},"8":{"start":{"line":11,"column":19},"end":{"line":11,"column":48}},"9":{"start":{"line":12,"column":13},"end":{"line":12,"column":28}},"10":{"start":{"line":13,"column":0},"end":{"line":13,"column":26}},"11":{"start":{"line":14,"column":0},"end":{"line":14,"column":18}},"12":{"start":{"line":15,"column":0},"end":{"line":15,"column":24}},"13":{"start":{"line":19,"column":21},"end":{"line":19,"column":77}},"14":{"start":{"line":20,"column":17},"end":{"line":20,"column":30}},"15":{"start":{"line":21,"column":30},"end":{"line":21,"column":110}},"16":{"start":{"line":21,"column":51},"end":{"line":21,"column":95}},"17":{"start":{"line":22,"column":4},"end":{"line":22,"column":28}},"18":{"start":{"line":27,"column":0},"end":{"line":29,"column":2}},"19":{"start":{"line":28,"column":4},"end":{"line":28,"column":29}},"20":{"start":{"line":32,"column":13},"end":{"line":47,"column":2}},"21":{"start":{"line":33,"column":21},"end":{"line":33,"column":43}},"22":{"start":{"line":34,"column":17},"end":{"line":34,"column":34}},"23":{"start":{"line":35,"column":23},"end":{"line":35,"column":79}},"24":{"start":{"line":36,"column":4},"end":{"line":38,"column":5}},"25":{"start":{"line":37,"column":8},"end":{"line":37,"column":54}},"26":{"start":{"line":39,"column":4},"end":{"line":46,"column":6}},"27":{"start":{"line":40,"column":8},"end":{"line":45,"column":9}},"28":{"start":{"line":41,"column":12},"end":{"line":41,"column":33}},"29":{"start":{"line":44,"column":12},"end":{"line":44,"column":65}},"30":{"start":{"line":49,"column":0},"end":{"line":49,"column":22}}},"fnMap":{"0":{"name":"getInternshipPeriod","decl":{"start":{"line":18,"column":15},"end":{"line":18,"column":34}},"loc":{"start":{"line":18,"column":37},"end":{"line":23,"column":1}},"line":18},"1":{"name":"(anonymous_1)","decl":{"start":{"line":21,"column":40},"end":{"line":21,"column":41}},"loc":{"start":{"line":21,"column":51},"end":{"line":21,"column":95}},"line":21},"2":{"name":"(anonymous_2)","decl":{"start":{"line":27,"column":27},"end":{"line":27,"column":28}},"loc":{"start":{"line":27,"column":37},"end":{"line":29,"column":1}},"line":27},"3":{"name":"(anonymous_3)","decl":{"start":{"line":32,"column":36},"end":{"line":32,"column":37}},"loc":{"start":{"line":32,"column":48},"end":{"line":47,"column":1}},"line":32},"4":{"name":"(anonymous_4)","decl":{"start":{"line":39,"column":44},"end":{"line":39,"column":45}},"loc":{"start":{"line":39,"column":51},"end":{"line":46,"column":5}},"line":39}},"branchMap":{"0":{"loc":{"start":{"line":36,"column":4},"end":{"line":38,"column":5}},"type":"if","locations":[{"start":{"line":36,"column":4},"end":{"line":38,"column":5}},{"start":{},"end":{}}],"line":36},"1":{"loc":{"start":{"line":40,"column":8},"end":{"line":45,"column":9}},"type":"if","locations":[{"start":{"line":40,"column":8},"end":{"line":45,"column":9}},{"start":{"line":43,"column":13},"end":{"line":45,"column":9}}],"line":40}},"s":{"0":2,"1":2,"2":2,"3":2,"4":2,"5":2,"6":2,"7":2,"8":2,"9":2,"10":2,"11":2,"12":2,"13":2,"14":2,"15":2,"16":4,"17":2,"18":2,"19":2,"20":2,"21":0,"22":0,"23":0,"24":0,"25":0,"26":0,"27":0,"28":0,"29":0,"30":2},"f":{"0":2,"1":4,"2":2,"3":0,"4":0},"b":{"0":[0,0],"1":[0,0]},"_coverageSchema":"1a1c01bbd47fc00a2c39e90264f33305004495a9","hash":"3100d8315cd7ea409a45e18bafbecbccae618ab5"}
,"C:\\Users\\Linco\\Documents\\Ngee Ann Bs\\Year 3 sem 2\\DevOps\\assignment\\ias-svc\\backend\\src\\routes\\settings\\GET.js": {"path":"C:\\Users\\Linco\\Documents\\Ngee Ann Bs\\Year 3 sem 2\\DevOps\\assignment\\ias-svc\\backend\\src\\routes\\settings\\GET.js","statementMap":{"0":{"start":{"line":1,"column":12},"end":{"line":1,"column":31}},"1":{"start":{"line":2,"column":22},"end":{"line":2,"column":44}},"2":{"start":{"line":3,"column":20},"end":{"line":3,"column":42}},"3":{"start":{"line":4,"column":16},"end":{"line":4,"column":34}},"4":{"start":{"line":5,"column":15},"end":{"line":5,"column":31}},"5":{"start":{"line":7,"column":12},"end":{"line":16,"column":2}},"6":{"start":{"line":8,"column":4},"end":{"line":15,"column":6}},"7":{"start":{"line":9,"column":8},"end":{"line":9,"column":31}},"8":{"start":{"line":9,"column":19},"end":{"line":9,"column":31}},"9":{"start":{"line":11,"column":8},"end":{"line":14,"column":10}},"10":{"start":{"line":12,"column":12},"end":{"line":12,"column":35}},"11":{"start":{"line":12,"column":23},"end":{"line":12,"column":35}},"12":{"start":{"line":13,"column":12},"end":{"line":13,"column":40}},"13":{"start":{"line":18,"column":0},"end":{"line":18,"column":21}}},"fnMap":{"0":{"name":"(anonymous_0)","decl":{"start":{"line":7,"column":28},"end":{"line":7,"column":29}},"loc":{"start":{"line":7,"column":42},"end":{"line":16,"column":1}},"line":7},"1":{"name":"(anonymous_1)","decl":{"start":{"line":8,"column":16},"end":{"line":8,"column":17}},"loc":{"start":{"line":8,"column":25},"end":{"line":15,"column":5}},"line":8},"2":{"name":"(anonymous_2)","decl":{"start":{"line":11,"column":51},"end":{"line":11,"column":52}},"loc":{"start":{"line":11,"column":71},"end":{"line":14,"column":9}},"line":11}},"branchMap":{"0":{"loc":{"start":{"line":9,"column":8},"end":{"line":9,"column":31}},"type":"if","locations":[{"start":{"line":9,"column":8},"end":{"line":9,"column":31}},{"start":{},"end":{}}],"line":9},"1":{"loc":{"start":{"line":12,"column":12},"end":{"line":12,"column":35}},"type":"if","locations":[{"start":{"line":12,"column":12},"end":{"line":12,"column":35}},{"start":{},"end":{}}],"line":12}},"s":{"0":2,"1":2,"2":2,"3":2,"4":2,"5":2,"6":0,"7":0,"8":0,"9":0,"10":0,"11":0,"12":0,"13":2},"f":{"0":0,"1":0,"2":0},"b":{"0":[0,0],"1":[0,0]},"_coverageSchema":"1a1c01bbd47fc00a2c39e90264f33305004495a9","hash":"f0f72a14a1e7dde3557ff016ab5ada77c19a592d"}
,"C:\\Users\\Linco\\Documents\\Ngee Ann Bs\\Year 3 sem 2\\DevOps\\assignment\\ias-svc\\backend\\src\\routes\\settings\\PUT.js": {"path":"C:\\Users\\Linco\\Documents\\Ngee Ann Bs\\Year 3 sem 2\\DevOps\\assignment\\ias-svc\\backend\\src\\routes\\settings\\PUT.js","statementMap":{"0":{"start":{"line":1,"column":12},"end":{"line":1,"column":31}},"1":{"start":{"line":2,"column":22},"end":{"line":2,"column":44}},"2":{"start":{"line":3,"column":20},"end":{"line":3,"column":42}},"3":{"start":{"line":4,"column":16},"end":{"line":4,"column":34}},"4":{"start":{"line":5,"column":15},"end":{"line":5,"column":31}},"5":{"start":{"line":7,"column":12},"end":{"line":34,"column":2}},"6":{"start":{"line":8,"column":4},"end":{"line":8,"column":35}},"7":{"start":{"line":9,"column":4},"end":{"line":33,"column":6}},"8":{"start":{"line":10,"column":8},"end":{"line":10,"column":31}},"9":{"start":{"line":10,"column":19},"end":{"line":10,"column":31}},"10":{"start":{"line":12,"column":21},"end":{"line":12,"column":29}},"11":{"start":{"line":13,"column":8},"end":{"line":13,"column":81}},"12":{"start":{"line":13,"column":42},"end":{"line":13,"column":81}},"13":{"start":{"line":14,"column":8},"end":{"line":14,"column":83}},"14":{"start":{"line":14,"column":43},"end":{"line":14,"column":83}},"15":{"start":{"line":15,"column":8},"end":{"line":15,"column":97}},"16":{"start":{"line":15,"column":50},"end":{"line":15,"column":97}},"17":{"start":{"line":17,"column":8},"end":{"line":32,"column":10}},"18":{"start":{"line":29,"column":16},"end":{"line":29,"column":39}},"19":{"start":{"line":29,"column":27},"end":{"line":29,"column":39}},"20":{"start":{"line":30,"column":16},"end":{"line":30,"column":60}},"21":{"start":{"line":36,"column":0},"end":{"line":36,"column":21}}},"fnMap":{"0":{"name":"(anonymous_0)","decl":{"start":{"line":7,"column":29},"end":{"line":7,"column":30}},"loc":{"start":{"line":7,"column":43},"end":{"line":34,"column":1}},"line":7},"1":{"name":"(anonymous_1)","decl":{"start":{"line":9,"column":16},"end":{"line":9,"column":17}},"loc":{"start":{"line":9,"column":25},"end":{"line":33,"column":5}},"line":9},"2":{"name":"(anonymous_2)","decl":{"start":{"line":28,"column":12},"end":{"line":28,"column":13}},"loc":{"start":{"line":28,"column":44},"end":{"line":31,"column":13}},"line":28}},"branchMap":{"0":{"loc":{"start":{"line":10,"column":8},"end":{"line":10,"column":31}},"type":"if","locations":[{"start":{"line":10,"column":8},"end":{"line":10,"column":31}},{"start":{},"end":{}}],"line":10},"1":{"loc":{"start":{"line":13,"column":8},"end":{"line":13,"column":81}},"type":"if","locations":[{"start":{"line":13,"column":8},"end":{"line":13,"column":81}},{"start":{},"end":{}}],"line":13},"2":{"loc":{"start":{"line":14,"column":8},"end":{"line":14,"column":83}},"type":"if","locations":[{"start":{"line":14,"column":8},"end":{"line":14,"column":83}},{"start":{},"end":{}}],"line":14},"3":{"loc":{"start":{"line":15,"column":8},"end":{"line":15,"column":97}},"type":"if","locations":[{"start":{"line":15,"column":8},"end":{"line":15,"column":97}},{"start":{},"end":{}}],"line":15},"4":{"loc":{"start":{"line":29,"column":16},"end":{"line":29,"column":39}},"type":"if","locations":[{"start":{"line":29,"column":16},"end":{"line":29,"column":39}},{"start":{},"end":{}}],"line":29}},"s":{"0":2,"1":2,"2":2,"3":2,"4":2,"5":2,"6":0,"7":0,"8":0,"9":0,"10":0,"11":0,"12":0,"13":0,"14":0,"15":0,"16":0,"17":0,"18":0,"19":0,"20":0,"21":2},"f":{"0":0,"1":0,"2":0},"b":{"0":[0,0],"1":[0,0],"2":[0,0],"3":[0,0],"4":[0,0]},"_coverageSchema":"1a1c01bbd47fc00a2c39e90264f33305004495a9","hash":"a4ea41dd61d2fca6e0cc2d91bf9307e9875cf096"}
,"C:\\Users\\Linco\\Documents\\Ngee Ann Bs\\Year 3 sem 2\\DevOps\\assignment\\ias-svc\\backend\\src\\routes\\student\\GET.js": {"path":"C:\\Users\\Linco\\Documents\\Ngee Ann Bs\\Year 3 sem 2\\DevOps\\assignment\\ias-svc\\backend\\src\\routes\\student\\GET.js","statementMap":{"0":{"start":{"line":1,"column":12},"end":{"line":1,"column":31}},"1":{"start":{"line":2,"column":22},"end":{"line":2,"column":44}},"2":{"start":{"line":3,"column":20},"end":{"line":3,"column":42}},"3":{"start":{"line":4,"column":16},"end":{"line":4,"column":34}},"4":{"start":{"line":5,"column":15},"end":{"line":5,"column":31}},"5":{"start":{"line":7,"column":12},"end":{"line":16,"column":2}},"6":{"start":{"line":8,"column":4},"end":{"line":15,"column":6}},"7":{"start":{"line":9,"column":8},"end":{"line":9,"column":31}},"8":{"start":{"line":9,"column":19},"end":{"line":9,"column":31}},"9":{"start":{"line":11,"column":8},"end":{"line":14,"column":10}},"10":{"start":{"line":12,"column":12},"end":{"line":12,"column":35}},"11":{"start":{"line":12,"column":23},"end":{"line":12,"column":35}},"12":{"start":{"line":13,"column":12},"end":{"line":13,"column":40}},"13":{"start":{"line":18,"column":0},"end":{"line":18,"column":21}}},"fnMap":{"0":{"name":"(anonymous_0)","decl":{"start":{"line":7,"column":28},"end":{"line":7,"column":29}},"loc":{"start":{"line":7,"column":42},"end":{"line":16,"column":1}},"line":7},"1":{"name":"(anonymous_1)","decl":{"start":{"line":8,"column":16},"end":{"line":8,"column":17}},"loc":{"start":{"line":8,"column":25},"end":{"line":15,"column":5}},"line":8},"2":{"name":"(anonymous_2)","decl":{"start":{"line":11,"column":43},"end":{"line":11,"column":44}},"loc":{"start":{"line":11,"column":63},"end":{"line":14,"column":9}},"line":11}},"branchMap":{"0":{"loc":{"start":{"line":9,"column":8},"end":{"line":9,"column":31}},"type":"if","locations":[{"start":{"line":9,"column":8},"end":{"line":9,"column":31}},{"start":{},"end":{}}],"line":9},"1":{"loc":{"start":{"line":12,"column":12},"end":{"line":12,"column":35}},"type":"if","locations":[{"start":{"line":12,"column":12},"end":{"line":12,"column":35}},{"start":{},"end":{}}],"line":12}},"s":{"0":2,"1":2,"2":2,"3":2,"4":2,"5":2,"6":1,"7":1,"8":0,"9":1,"10":1,"11":0,"12":1,"13":2},"f":{"0":1,"1":1,"2":1},"b":{"0":[0,1],"1":[0,1]},"_coverageSchema":"1a1c01bbd47fc00a2c39e90264f33305004495a9","hash":"29f7c167159be54ba87f5f14c31f436d6c29358c"}
,"C:\\Users\\Linco\\Documents\\Ngee Ann Bs\\Year 3 sem 2\\DevOps\\assignment\\ias-svc\\backend\\src\\routes\\student\\POST.js": {"path":"C:\\Users\\Linco\\Documents\\Ngee Ann Bs\\Year 3 sem 2\\DevOps\\assignment\\ias-svc\\backend\\src\\routes\\student\\POST.js","statementMap":{"0":{"start":{"line":1,"column":12},"end":{"line":1,"column":31}},"1":{"start":{"line":2,"column":22},"end":{"line":2,"column":44}},"2":{"start":{"line":3,"column":20},"end":{"line":3,"column":42}},"3":{"start":{"line":4,"column":16},"end":{"line":4,"column":34}},"4":{"start":{"line":5,"column":15},"end":{"line":5,"column":31}},"5":{"start":{"line":7,"column":11},"end":{"line":7,"column":24}},"6":{"start":{"line":8,"column":13},"end":{"line":8,"column":28}},"7":{"start":{"line":9,"column":14},"end":{"line":9,"column":30}},"8":{"start":{"line":11,"column":19},"end":{"line":11,"column":48}},"9":{"start":{"line":12,"column":13},"end":{"line":12,"column":28}},"10":{"start":{"line":13,"column":0},"end":{"line":13,"column":26}},"11":{"start":{"line":14,"column":0},"end":{"line":14,"column":18}},"12":{"start":{"line":15,"column":0},"end":{"line":15,"column":24}},"13":{"start":{"line":19,"column":21},"end":{"line":19,"column":77}},"14":{"start":{"line":20,"column":17},"end":{"line":20,"column":30}},"15":{"start":{"line":21,"column":30},"end":{"line":21,"column":110}},"16":{"start":{"line":21,"column":51},"end":{"line":21,"column":95}},"17":{"start":{"line":22,"column":4},"end":{"line":22,"column":28}},"18":{"start":{"line":27,"column":0},"end":{"line":29,"column":2}},"19":{"start":{"line":28,"column":4},"end":{"line":28,"column":29}},"20":{"start":{"line":32,"column":13},"end":{"line":49,"column":2}},"21":{"start":{"line":33,"column":4},"end":{"line":33,"column":33}},"22":{"start":{"line":34,"column":4},"end":{"line":34,"column":35}},"23":{"start":{"line":35,"column":21},"end":{"line":35,"column":43}},"24":{"start":{"line":36,"column":17},"end":{"line":36,"column":34}},"25":{"start":{"line":37,"column":23},"end":{"line":37,"column":79}},"26":{"start":{"line":38,"column":4},"end":{"line":40,"column":5}},"27":{"start":{"line":39,"column":8},"end":{"line":39,"column":54}},"28":{"start":{"line":41,"column":4},"end":{"line":48,"column":6}},"29":{"start":{"line":42,"column":8},"end":{"line":47,"column":9}},"30":{"start":{"line":43,"column":12},"end":{"line":43,"column":33}},"31":{"start":{"line":46,"column":12},"end":{"line":46,"column":65}},"32":{"start":{"line":51,"column":0},"end":{"line":51,"column":22}}},"fnMap":{"0":{"name":"getInternshipPeriod","decl":{"start":{"line":18,"column":15},"end":{"line":18,"column":34}},"loc":{"start":{"line":18,"column":37},"end":{"line":23,"column":1}},"line":18},"1":{"name":"(anonymous_1)","decl":{"start":{"line":21,"column":40},"end":{"line":21,"column":41}},"loc":{"start":{"line":21,"column":51},"end":{"line":21,"column":95}},"line":21},"2":{"name":"(anonymous_2)","decl":{"start":{"line":27,"column":27},"end":{"line":27,"column":28}},"loc":{"start":{"line":27,"column":37},"end":{"line":29,"column":1}},"line":27},"3":{"name":"(anonymous_3)","decl":{"start":{"line":32,"column":36},"end":{"line":32,"column":37}},"loc":{"start":{"line":32,"column":48},"end":{"line":49,"column":1}},"line":32},"4":{"name":"(anonymous_4)","decl":{"start":{"line":41,"column":44},"end":{"line":41,"column":45}},"loc":{"start":{"line":41,"column":51},"end":{"line":48,"column":5}},"line":41}},"branchMap":{"0":{"loc":{"start":{"line":38,"column":4},"end":{"line":40,"column":5}},"type":"if","locations":[{"start":{"line":38,"column":4},"end":{"line":40,"column":5}},{"start":{},"end":{}}],"line":38},"1":{"loc":{"start":{"line":42,"column":8},"end":{"line":47,"column":9}},"type":"if","locations":[{"start":{"line":42,"column":8},"end":{"line":47,"column":9}},{"start":{"line":45,"column":13},"end":{"line":47,"column":9}}],"line":42}},"s":{"0":2,"1":2,"2":2,"3":2,"4":2,"5":2,"6":2,"7":2,"8":2,"9":2,"10":2,"11":2,"12":2,"13":2,"14":2,"15":2,"16":4,"17":2,"18":2,"19":2,"20":2,"21":0,"22":0,"23":0,"24":0,"25":0,"26":0,"27":0,"28":0,"29":0,"30":0,"31":0,"32":2},"f":{"0":2,"1":4,"2":2,"3":0,"4":0},"b":{"0":[0,0],"1":[0,0]},"_coverageSchema":"1a1c01bbd47fc00a2c39e90264f33305004495a9","hash":"07d04181b7d218b8bdd41fcf322bc47e7dfe24b0"}
}
