TN:
SF:src\routes\students.js
FN:15,(anonymous_0)
FN:22,(anonymous_1)
FN:23,(anonymous_2)
FN:27,(anonymous_3)
FN:35,(anonymous_4)
FN:38,(anonymous_5)
FN:42,(anonymous_6)
FN:52,(anonymous_7)
FN:55,(anonymous_8)
FN:59,(anonymous_9)
FNF:10
FNH:7
FNDA:2,(anonymous_0)
FNDA:1,(anonymous_1)
FNDA:1,(anonymous_2)
FNDA:1,(anonymous_3)
FNDA:1,(anonymous_4)
FNDA:1,(anonymous_5)
FNDA:1,(anonymous_6)
FNDA:0,(anonymous_7)
FNDA:0,(anonymous_8)
FNDA:0,(anonymous_9)
DA:2,1
DA:3,1
DA:6,1
DA:7,1
DA:15,1
DA:16,2
DA:17,2
DA:22,1
DA:23,1
DA:24,1
DA:25,1
DA:27,1
DA:28,1
DA:29,1
DA:30,1
DA:35,1
DA:37,1
DA:38,1
DA:39,1
DA:40,1
DA:41,1
DA:42,1
DA:43,1
DA:44,1
DA:45,1
DA:46,1
DA:52,1
DA:53,0
DA:55,0
DA:56,0
DA:57,0
DA:58,0
DA:59,0
DA:60,0
DA:61,0
DA:62,0
DA:63,0
DA:71,1
LF:38
LH:28
BRDA:24,0,0,0
BRDA:24,0,1,1
BRDA:28,1,0,0
BRDA:28,1,1,1
BRDA:39,2,0,0
BRDA:39,2,1,1
BRDA:43,3,0,0
BRDA:43,3,1,1
BRDA:56,4,0,0
BRDA:56,4,1,0
BRDA:60,5,0,0
BRDA:60,5,1,0
BRF:12
BRH:4
end_of_record
